C:\USERS\SPARKON\DOCUMENTS\GIT\VECTORSHOOTER-TEMP-\VECTOR-SHOOTER\VECTOR-SHOOTER\DEBUG\PLAYER.OBJ
C:\USERS\SPARKON\DOCUMENTS\GIT\VECTORSHOOTER-TEMP-\VECTOR-SHOOTER\VECTOR-SHOOTER\DEBUG\COLLISION.OBJ
C:\USERS\SPARKON\DOCUMENTS\GIT\VECTORSHOOTER-TEMP-\VECTOR-SHOOTER\VECTOR-SHOOTER\DEBUG\GAME.OBJ
C:\USERS\SPARKON\DOCUMENTS\GIT\VECTORSHOOTER-TEMP-\VECTOR-SHOOTER\VECTOR-SHOOTER\DEBUG\GAMESTATE.OBJ
C:\USERS\SPARKON\DOCUMENTS\GIT\VECTORSHOOTER-TEMP-\VECTOR-SHOOTER\VECTOR-SHOOTER\DEBUG\GRAPHSEARCH.OBJ
C:\USERS\SPARKON\DOCUMENTS\GIT\VECTORSHOOTER-TEMP-\VECTOR-SHOOTER\VECTOR-SHOOTER\DEBUG\MAP.OBJ
C:\USERS\SPARKON\DOCUMENTS\GIT\VECTORSHOOTER-TEMP-\VECTOR-SHOOTER\VECTOR-SHOOTER\DEBUG\MAIN.OBJ
C:\USERS\SPARKON\DOCUMENTS\GIT\VECTORSHOOTER-TEMP-\VECTOR-SHOOTER\VECTOR-SHOOTER\DEBUG\MENU.OBJ
C:\USERS\SPARKON\DOCUMENTS\GIT\VECTORSHOOTER-TEMP-\VECTOR-SHOOTER\VECTOR-SHOOTER\DEBUG\BULLET.OBJ
C:\USERS\SPARKON\DOCUMENTS\GIT\VECTORSHOOTER-TEMP-\VECTOR-SHOOTER\VECTOR-SHOOTER\DEBUG\WEAPON.OBJ
C:\USERS\SPARKON\DOCUMENTS\GIT\VECTORSHOOTER-TEMP-\VECTOR-SHOOTER\VECTOR-SHOOTER\DEBUG\WEAPONSYSTEM.OBJ
C:\USERS\SPARKON\DOCUMENTS\GIT\VECTORSHOOTER-TEMP-\VECTOR-SHOOTER\VECTOR-SHOOTER\DEBUG\VC110.PDB
C:\USERS\SPARKON\DOCUMENTS\GIT\VECTORSHOOTER-TEMP-\VECTOR-SHOOTER - COPIA\VECTOR-SHOOTER\DEBUG\GAME.OBJ
C:\USERS\SPARKON\DOCUMENTS\GIT\VECTORSHOOTER-TEMP-\VECTOR-SHOOTER - COPIA\VECTOR-SHOOTER\DEBUG\GAMEMAINMENUSTATE.OBJ
C:\USERS\SPARKON\DOCUMENTS\GIT\VECTORSHOOTER-TEMP-\VECTOR-SHOOTER - COPIA\VECTOR-SHOOTER\DEBUG\GAMERUNSTATE.OBJ
C:\USERS\SPARKON\DOCUMENTS\GIT\VECTORSHOOTER-TEMP-\VECTOR-SHOOTER - COPIA\VECTOR-SHOOTER\DEBUG\MAIN.OBJ
C:\USERS\SPARKON\DOCUMENTS\GIT\VECTORSHOOTER-TEMP-\VECTOR-SHOOTER - COPIA\VECTOR-SHOOTER\DEBUG\VC110.PDB
C:\USERS\SPARKON\DOCUMENTS\GIT\VECTORSHOOTER-TEMP-\VECTOR-SHOOTER - COPIA\VECTOR-SHOOTER\DEBUG\MAINMENU.OBJ
C:\USERS\SPARKON\DOCUMENTS\GIT\VECTORSHOOTER-TEMP-\VECTOR-SHOOTER\DEBUG\VECTOR-SHOOTER.ILK
C:\USERS\SPARKON\DOCUMENTS\GIT\VECTORSHOOTER-TEMP-\VECTOR-SHOOTER\DEBUG\VECTOR-SHOOTER.EXE
C:\USERS\SPARKON\DOCUMENTS\GIT\VECTORSHOOTER-TEMP-\VECTOR-SHOOTER\DEBUG\VECTOR-SHOOTER.PDB
C:\USERS\SPARKON\DOCUMENTS\GIT\VECTORSHOOTER-TEMP-\VECTOR-SHOOTER - COPIA\DEBUG\VECTOR-SHOOTER.ILK
C:\USERS\SPARKON\DOCUMENTS\GIT\VECTORSHOOTER-TEMP-\VECTOR-SHOOTER - COPIA\DEBUG\VECTOR-SHOOTER.EXE
C:\USERS\SPARKON\DOCUMENTS\GIT\VECTORSHOOTER-TEMP-\VECTOR-SHOOTER - COPIA\DEBUG\VECTOR-SHOOTER.PDB
C:\Users\sparkon\Documents\git\VectorShooter-temp-\vector-shooter\Debug\vector-shooter.lib
C:\Users\sparkon\Documents\git\VectorShooter-temp-\vector-shooter\Debug\vector-shooter.exp
C:\Users\sparkon\Documents\git\VectorShooter-temp-\vector-shooter - Copia\Debug\vector-shooter.lib
C:\Users\sparkon\Documents\git\VectorShooter-temp-\vector-shooter - Copia\Debug\vector-shooter.exp
C:\Users\sparkon\Documents\git\VectorShooter-temp-\vector-shooter - Copia\vector-shooter\Debug\Bullet.obj
C:\Users\sparkon\Documents\git\VectorShooter-temp-\vector-shooter - Copia\vector-shooter\Debug\Collision.obj
C:\Users\sparkon\Documents\git\VectorShooter-temp-\vector-shooter - Copia\vector-shooter\Debug\Game.obj
C:\Users\sparkon\Documents\git\VectorShooter-temp-\vector-shooter - Copia\vector-shooter\Debug\GameMainMenuState.obj
C:\Users\sparkon\Documents\git\VectorShooter-temp-\vector-shooter - Copia\vector-shooter\Debug\GameRunState.obj
C:\Users\sparkon\Documents\git\VectorShooter-temp-\vector-shooter - Copia\vector-shooter\Debug\GameState.obj
C:\Users\sparkon\Documents\git\VectorShooter-temp-\vector-shooter - Copia\vector-shooter\Debug\GraphSearch.obj
C:\Users\sparkon\Documents\git\VectorShooter-temp-\vector-shooter - Copia\vector-shooter\Debug\main.obj
C:\Users\sparkon\Documents\git\VectorShooter-temp-\vector-shooter - Copia\vector-shooter\Debug\MainMenu.obj
C:\Users\sparkon\Documents\git\VectorShooter-temp-\vector-shooter - Copia\vector-shooter\Debug\Map.obj
C:\Users\sparkon\Documents\git\VectorShooter-temp-\vector-shooter - Copia\vector-shooter\Debug\Menu.obj
C:\Users\sparkon\Documents\git\VectorShooter-temp-\vector-shooter - Copia\vector-shooter\Debug\Player.obj
C:\Users\sparkon\Documents\git\VectorShooter-temp-\vector-shooter - Copia\vector-shooter\Debug\Weapon.obj
C:\Users\sparkon\Documents\git\VectorShooter-temp-\vector-shooter - Copia\vector-shooter\Debug\WeaponSystem.obj
C:\Users\sparkon\Documents\git\VectorShooter-temp-\vector-shooter - Copia\vector-shooter\Debug\cl.command.1.tlog
C:\Users\sparkon\Documents\git\VectorShooter-temp-\vector-shooter - Copia\vector-shooter\Debug\CL.read.1.tlog
C:\Users\sparkon\Documents\git\VectorShooter-temp-\vector-shooter - Copia\vector-shooter\Debug\CL.write.1.tlog
C:\Users\sparkon\Documents\git\VectorShooter-temp-\vector-shooter - Copia\vector-shooter\Debug\link-cvtres.read.1.tlog
C:\Users\sparkon\Documents\git\VectorShooter-temp-\vector-shooter - Copia\vector-shooter\Debug\link-cvtres.write.1.tlog
C:\Users\sparkon\Documents\git\VectorShooter-temp-\vector-shooter - Copia\vector-shooter\Debug\link-rc.read.1.tlog
C:\Users\sparkon\Documents\git\VectorShooter-temp-\vector-shooter - Copia\vector-shooter\Debug\link-rc.write.1.tlog
C:\Users\sparkon\Documents\git\VectorShooter-temp-\vector-shooter - Copia\vector-shooter\Debug\link.1340-cvtres.read.1.tlog
C:\Users\sparkon\Documents\git\VectorShooter-temp-\vector-shooter - Copia\vector-shooter\Debug\link.1340-cvtres.write.1.tlog
C:\Users\sparkon\Documents\git\VectorShooter-temp-\vector-shooter - Copia\vector-shooter\Debug\link.1340-rc.read.1.tlog
C:\Users\sparkon\Documents\git\VectorShooter-temp-\vector-shooter - Copia\vector-shooter\Debug\link.1340-rc.write.1.tlog
C:\Users\sparkon\Documents\git\VectorShooter-temp-\vector-shooter - Copia\vector-shooter\Debug\link.1340.read.1.tlog
C:\Users\sparkon\Documents\git\VectorShooter-temp-\vector-shooter - Copia\vector-shooter\Debug\link.1340.write.1.tlog
C:\Users\sparkon\Documents\git\VectorShooter-temp-\vector-shooter - Copia\vector-shooter\Debug\link.2868-cvtres.read.1.tlog
C:\Users\sparkon\Documents\git\VectorShooter-temp-\vector-shooter - Copia\vector-shooter\Debug\link.2868-cvtres.write.1.tlog
C:\Users\sparkon\Documents\git\VectorShooter-temp-\vector-shooter - Copia\vector-shooter\Debug\link.2868-rc.read.1.tlog
C:\Users\sparkon\Documents\git\VectorShooter-temp-\vector-shooter - Copia\vector-shooter\Debug\link.2868-rc.write.1.tlog
C:\Users\sparkon\Documents\git\VectorShooter-temp-\vector-shooter - Copia\vector-shooter\Debug\link.2868.read.1.tlog
C:\Users\sparkon\Documents\git\VectorShooter-temp-\vector-shooter - Copia\vector-shooter\Debug\link.2868.write.1.tlog
C:\Users\sparkon\Documents\git\VectorShooter-temp-\vector-shooter - Copia\vector-shooter\Debug\link.2876-cvtres.read.1.tlog
C:\Users\sparkon\Documents\git\VectorShooter-temp-\vector-shooter - Copia\vector-shooter\Debug\link.2876-cvtres.write.1.tlog
C:\Users\sparkon\Documents\git\VectorShooter-temp-\vector-shooter - Copia\vector-shooter\Debug\link.2876-rc.read.1.tlog
C:\Users\sparkon\Documents\git\VectorShooter-temp-\vector-shooter - Copia\vector-shooter\Debug\link.2876-rc.write.1.tlog
C:\Users\sparkon\Documents\git\VectorShooter-temp-\vector-shooter - Copia\vector-shooter\Debug\link.2876.read.1.tlog
C:\Users\sparkon\Documents\git\VectorShooter-temp-\vector-shooter - Copia\vector-shooter\Debug\link.2876.write.1.tlog
C:\Users\sparkon\Documents\git\VectorShooter-temp-\vector-shooter - Copia\vector-shooter\Debug\link.2932-cvtres.read.1.tlog
C:\Users\sparkon\Documents\git\VectorShooter-temp-\vector-shooter - Copia\vector-shooter\Debug\link.2932-cvtres.write.1.tlog
C:\Users\sparkon\Documents\git\VectorShooter-temp-\vector-shooter - Copia\vector-shooter\Debug\link.2932-rc.read.1.tlog
C:\Users\sparkon\Documents\git\VectorShooter-temp-\vector-shooter - Copia\vector-shooter\Debug\link.2932-rc.write.1.tlog
C:\Users\sparkon\Documents\git\VectorShooter-temp-\vector-shooter - Copia\vector-shooter\Debug\link.2932.read.1.tlog
C:\Users\sparkon\Documents\git\VectorShooter-temp-\vector-shooter - Copia\vector-shooter\Debug\link.2932.write.1.tlog
C:\Users\sparkon\Documents\git\VectorShooter-temp-\vector-shooter - Copia\vector-shooter\Debug\link.4100.read.1.tlog
C:\Users\sparkon\Documents\git\VectorShooter-temp-\vector-shooter - Copia\vector-shooter\Debug\link.4100.write.1.tlog
C:\Users\sparkon\Documents\git\VectorShooter-temp-\vector-shooter - Copia\vector-shooter\Debug\link.4312-cvtres.read.1.tlog
C:\Users\sparkon\Documents\git\VectorShooter-temp-\vector-shooter - Copia\vector-shooter\Debug\link.4312-cvtres.write.1.tlog
C:\Users\sparkon\Documents\git\VectorShooter-temp-\vector-shooter - Copia\vector-shooter\Debug\link.4312-rc.read.1.tlog
C:\Users\sparkon\Documents\git\VectorShooter-temp-\vector-shooter - Copia\vector-shooter\Debug\link.4312-rc.write.1.tlog
C:\Users\sparkon\Documents\git\VectorShooter-temp-\vector-shooter - Copia\vector-shooter\Debug\link.4312.read.1.tlog
C:\Users\sparkon\Documents\git\VectorShooter-temp-\vector-shooter - Copia\vector-shooter\Debug\link.4312.write.1.tlog
C:\Users\sparkon\Documents\git\VectorShooter-temp-\vector-shooter - Copia\vector-shooter\Debug\link.4380-cvtres.read.1.tlog
C:\Users\sparkon\Documents\git\VectorShooter-temp-\vector-shooter - Copia\vector-shooter\Debug\link.4380-cvtres.write.1.tlog
C:\Users\sparkon\Documents\git\VectorShooter-temp-\vector-shooter - Copia\vector-shooter\Debug\link.4380-rc.read.1.tlog
C:\Users\sparkon\Documents\git\VectorShooter-temp-\vector-shooter - Copia\vector-shooter\Debug\link.4380-rc.write.1.tlog
C:\Users\sparkon\Documents\git\VectorShooter-temp-\vector-shooter - Copia\vector-shooter\Debug\link.4380.read.1.tlog
C:\Users\sparkon\Documents\git\VectorShooter-temp-\vector-shooter - Copia\vector-shooter\Debug\link.4380.write.1.tlog
C:\Users\sparkon\Documents\git\VectorShooter-temp-\vector-shooter - Copia\vector-shooter\Debug\link.4456-cvtres.read.1.tlog
C:\Users\sparkon\Documents\git\VectorShooter-temp-\vector-shooter - Copia\vector-shooter\Debug\link.4456-cvtres.write.1.tlog
C:\Users\sparkon\Documents\git\VectorShooter-temp-\vector-shooter - Copia\vector-shooter\Debug\link.4456-rc.read.1.tlog
C:\Users\sparkon\Documents\git\VectorShooter-temp-\vector-shooter - Copia\vector-shooter\Debug\link.4456-rc.write.1.tlog
C:\Users\sparkon\Documents\git\VectorShooter-temp-\vector-shooter - Copia\vector-shooter\Debug\link.4456.read.1.tlog
C:\Users\sparkon\Documents\git\VectorShooter-temp-\vector-shooter - Copia\vector-shooter\Debug\link.4456.write.1.tlog
C:\Users\sparkon\Documents\git\VectorShooter-temp-\vector-shooter - Copia\vector-shooter\Debug\link.4536-cvtres.read.1.tlog
C:\Users\sparkon\Documents\git\VectorShooter-temp-\vector-shooter - Copia\vector-shooter\Debug\link.4536-cvtres.write.1.tlog
C:\Users\sparkon\Documents\git\VectorShooter-temp-\vector-shooter - Copia\vector-shooter\Debug\link.4536-rc.read.1.tlog
C:\Users\sparkon\Documents\git\VectorShooter-temp-\vector-shooter - Copia\vector-shooter\Debug\link.4536-rc.write.1.tlog
C:\Users\sparkon\Documents\git\VectorShooter-temp-\vector-shooter - Copia\vector-shooter\Debug\link.4536.read.1.tlog
C:\Users\sparkon\Documents\git\VectorShooter-temp-\vector-shooter - Copia\vector-shooter\Debug\link.4536.write.1.tlog
C:\Users\sparkon\Documents\git\VectorShooter-temp-\vector-shooter - Copia\vector-shooter\Debug\link.4692-cvtres.read.1.tlog
C:\Users\sparkon\Documents\git\VectorShooter-temp-\vector-shooter - Copia\vector-shooter\Debug\link.4692-cvtres.write.1.tlog
C:\Users\sparkon\Documents\git\VectorShooter-temp-\vector-shooter - Copia\vector-shooter\Debug\link.4692-rc.read.1.tlog
C:\Users\sparkon\Documents\git\VectorShooter-temp-\vector-shooter - Copia\vector-shooter\Debug\link.4692-rc.write.1.tlog
C:\Users\sparkon\Documents\git\VectorShooter-temp-\vector-shooter - Copia\vector-shooter\Debug\link.4692.read.1.tlog
C:\Users\sparkon\Documents\git\VectorShooter-temp-\vector-shooter - Copia\vector-shooter\Debug\link.4692.write.1.tlog
C:\Users\sparkon\Documents\git\VectorShooter-temp-\vector-shooter - Copia\vector-shooter\Debug\link.4728-cvtres.read.1.tlog
C:\Users\sparkon\Documents\git\VectorShooter-temp-\vector-shooter - Copia\vector-shooter\Debug\link.4728-cvtres.write.1.tlog
C:\Users\sparkon\Documents\git\VectorShooter-temp-\vector-shooter - Copia\vector-shooter\Debug\link.4728-rc.read.1.tlog
C:\Users\sparkon\Documents\git\VectorShooter-temp-\vector-shooter - Copia\vector-shooter\Debug\link.4728-rc.write.1.tlog
C:\Users\sparkon\Documents\git\VectorShooter-temp-\vector-shooter - Copia\vector-shooter\Debug\link.4728.read.1.tlog
C:\Users\sparkon\Documents\git\VectorShooter-temp-\vector-shooter - Copia\vector-shooter\Debug\link.4728.write.1.tlog
C:\Users\sparkon\Documents\git\VectorShooter-temp-\vector-shooter - Copia\vector-shooter\Debug\link.4764-cvtres.read.1.tlog
C:\Users\sparkon\Documents\git\VectorShooter-temp-\vector-shooter - Copia\vector-shooter\Debug\link.4764-cvtres.write.1.tlog
C:\Users\sparkon\Documents\git\VectorShooter-temp-\vector-shooter - Copia\vector-shooter\Debug\link.4764-rc.read.1.tlog
C:\Users\sparkon\Documents\git\VectorShooter-temp-\vector-shooter - Copia\vector-shooter\Debug\link.4764-rc.write.1.tlog
C:\Users\sparkon\Documents\git\VectorShooter-temp-\vector-shooter - Copia\vector-shooter\Debug\link.4764.read.1.tlog
C:\Users\sparkon\Documents\git\VectorShooter-temp-\vector-shooter - Copia\vector-shooter\Debug\link.4764.write.1.tlog
C:\Users\sparkon\Documents\git\VectorShooter-temp-\vector-shooter - Copia\vector-shooter\Debug\link.4772-cvtres.read.1.tlog
C:\Users\sparkon\Documents\git\VectorShooter-temp-\vector-shooter - Copia\vector-shooter\Debug\link.4772-cvtres.write.1.tlog
C:\Users\sparkon\Documents\git\VectorShooter-temp-\vector-shooter - Copia\vector-shooter\Debug\link.4772-rc.read.1.tlog
C:\Users\sparkon\Documents\git\VectorShooter-temp-\vector-shooter - Copia\vector-shooter\Debug\link.4772-rc.write.1.tlog
C:\Users\sparkon\Documents\git\VectorShooter-temp-\vector-shooter - Copia\vector-shooter\Debug\link.4772.read.1.tlog
C:\Users\sparkon\Documents\git\VectorShooter-temp-\vector-shooter - Copia\vector-shooter\Debug\link.4772.write.1.tlog
C:\Users\sparkon\Documents\git\VectorShooter-temp-\vector-shooter - Copia\vector-shooter\Debug\link.5164-cvtres.read.1.tlog
C:\Users\sparkon\Documents\git\VectorShooter-temp-\vector-shooter - Copia\vector-shooter\Debug\link.5164-cvtres.write.1.tlog
C:\Users\sparkon\Documents\git\VectorShooter-temp-\vector-shooter - Copia\vector-shooter\Debug\link.5164-rc.read.1.tlog
C:\Users\sparkon\Documents\git\VectorShooter-temp-\vector-shooter - Copia\vector-shooter\Debug\link.5164-rc.write.1.tlog
C:\Users\sparkon\Documents\git\VectorShooter-temp-\vector-shooter - Copia\vector-shooter\Debug\link.5164.read.1.tlog
C:\Users\sparkon\Documents\git\VectorShooter-temp-\vector-shooter - Copia\vector-shooter\Debug\link.5164.write.1.tlog
C:\Users\sparkon\Documents\git\VectorShooter-temp-\vector-shooter - Copia\vector-shooter\Debug\link.5596-cvtres.read.1.tlog
C:\Users\sparkon\Documents\git\VectorShooter-temp-\vector-shooter - Copia\vector-shooter\Debug\link.5596-cvtres.write.1.tlog
C:\Users\sparkon\Documents\git\VectorShooter-temp-\vector-shooter - Copia\vector-shooter\Debug\link.5596-rc.read.1.tlog
C:\Users\sparkon\Documents\git\VectorShooter-temp-\vector-shooter - Copia\vector-shooter\Debug\link.5596-rc.write.1.tlog
C:\Users\sparkon\Documents\git\VectorShooter-temp-\vector-shooter - Copia\vector-shooter\Debug\link.5596.read.1.tlog
C:\Users\sparkon\Documents\git\VectorShooter-temp-\vector-shooter - Copia\vector-shooter\Debug\link.5596.write.1.tlog
C:\Users\sparkon\Documents\git\VectorShooter-temp-\vector-shooter - Copia\vector-shooter\Debug\link.5616-cvtres.read.1.tlog
C:\Users\sparkon\Documents\git\VectorShooter-temp-\vector-shooter - Copia\vector-shooter\Debug\link.5616-cvtres.write.1.tlog
C:\Users\sparkon\Documents\git\VectorShooter-temp-\vector-shooter - Copia\vector-shooter\Debug\link.5616-rc.read.1.tlog
C:\Users\sparkon\Documents\git\VectorShooter-temp-\vector-shooter - Copia\vector-shooter\Debug\link.5616-rc.write.1.tlog
C:\Users\sparkon\Documents\git\VectorShooter-temp-\vector-shooter - Copia\vector-shooter\Debug\link.5616.read.1.tlog
C:\Users\sparkon\Documents\git\VectorShooter-temp-\vector-shooter - Copia\vector-shooter\Debug\link.5616.write.1.tlog
C:\Users\sparkon\Documents\git\VectorShooter-temp-\vector-shooter - Copia\vector-shooter\Debug\link.command.1.tlog
C:\Users\sparkon\Documents\git\VectorShooter-temp-\vector-shooter - Copia\vector-shooter\Debug\link.read.1.tlog
C:\Users\sparkon\Documents\git\VectorShooter-temp-\vector-shooter - Copia\vector-shooter\Debug\link.write.1.tlog
C:\Users\sparkon\Documents\git\VectorShooter-temp-\vector-shooter - Copia\vector-shooter\Debug\vector-shooter.write.1.tlog
C:\Users\sparkon\Documents\git\VectorShooter-temp-\vector-shooter - Copia\vector-shooter\Debug\vc110.idb
C:\Users\sparkon\Documents\git\VectorShooter-temp-\vector-shooter - Copia\vector-shooter\Debug\vc110.pdb
C:\Users\sparkon\Documents\git\VectorShooter-temp-\vector-shooter - Copia\Debug\vector-shooter.pdb
C:\Users\sparkon\Documents\git\VectorShooter-temp-\vector-shooter - Copia\Debug\vector-shooter.exe
C:\Users\sparkon\Documents\git\VectorShooter-temp-\vector-shooter - Copia\Debug\vector-shooter.ilk
