Build started 25/10/2012 20:05:27.
     1>Project "C:\Users\sparkon\Documents\git\VectorShooter-temp-\VectorShooterProject\VectorShooterProject\VectorShooterProject.vcxproj" on node 2 (Build target(s)).
     1>ClCompile:
         C:\Program Files (x86)\Microsoft Visual Studio 11.0\VC\bin\CL.exe /c /IC:\SFML2012\SFML2\include /Zi /nologo /W3 /WX- /O2 /Oi /Oy- /GL /D SFML_STATIC /D WIN32 /D NDEBUG /D _CONSOLE /D _UNICODE /D UNICODE /Gm- /EHsc /MD /GS /Gy /fp:precise /Zc:wchar_t /Zc:forScope /Fo"Release\\" /Fd"Release\vc110.pdb" /Gd /TP /analyze- /errorReport:prompt ..\source\menu\Menu.cpp
         Menu.cpp
     1>..\source\menu\Menu.cpp(90): warning C4244: 'initializing' : conversion from 'unsigned int' to 'float', possible loss of data
     1>..\source\menu\Menu.cpp(91): warning C4244: 'initializing' : conversion from 'double' to 'float', possible loss of data
     1>..\source\menu\Menu.cpp(105): warning C4018: '<' : signed/unsigned mismatch
       Link:
         C:\Program Files (x86)\Microsoft Visual Studio 11.0\VC\bin\link.exe /ERRORREPORT:PROMPT /OUT:"C:\Users\sparkon\Documents\git\VectorShooter-temp-\VectorShooterProject\Release\VectorShooterProject.exe" /INCREMENTAL:NO /NOLOGO /LIBPATH:C:\SFML2012\SFML2\lib "sfml-audio-s.lib" "sfml-graphics-s.lib" "sfml-window-s.lib" "sfml-system-s.lib" kernel32.lib user32.lib gdi32.lib winspool.lib comdlg32.lib advapi32.lib shell32.lib ole32.lib oleaut32.lib uuid.lib odbc32.lib odbccp32.lib kernel32.lib user32.lib gdi32.lib winspool.lib comdlg32.lib advapi32.lib shell32.lib ole32.lib oleaut32.lib uuid.lib odbc32.lib odbccp32.lib /MANIFEST /MANIFESTUAC:"level='asInvoker' uiAccess='false'" /manifest:embed /DEBUG /PDB:"C:\Users\sparkon\Documents\git\VectorShooter-temp-\VectorShooterProject\Release\VectorShooterProject.pdb" /SUBSYSTEM:CONSOLE /OPT:REF /OPT:ICF /LTCG /TLBID:1 /DYNAMICBASE /NXCOMPAT /IMPLIB:"C:\Users\sparkon\Documents\git\VectorShooter-temp-\VectorShooterProject\Release\VectorShooterProject.lib" /MACHINE:X86 /SAFESEH Release\Player.obj
         Release\Collision.obj
         Release\Game.obj
         Release\GameState.obj
         Release\GraphSearch.obj
         Release\Map.obj
         Release\main.obj
         Release\Menu.obj
         Release\Bullet.obj
         Release\Weapon.obj
         Release\WeaponSystem.obj
         Generating code
         Finished generating code
         VectorShooterProject.vcxproj -> C:\Users\sparkon\Documents\git\VectorShooter-temp-\VectorShooterProject\Release\VectorShooterProject.exe
     1>Done Building Project "C:\Users\sparkon\Documents\git\VectorShooter-temp-\VectorShooterProject\VectorShooterProject\VectorShooterProject.vcxproj" (Build target(s)).

Build succeeded.

Time Elapsed 00:00:01.87
