Build started 25/10/2012 21:13:28.
     1>Project "C:\Users\sparkon\Documents\git\VectorShooter-temp-\vector-shooter\vector-shooter\vector-shooter.vcxproj" on node 2 (Build target(s)).
     1>ClCompile:
         C:\Program Files (x86)\Microsoft Visual Studio 11.0\VC\bin\CL.exe /c /IC:\SFML2012\SFML2\include /Zi /nologo /W3 /WX- /O2 /Oi /Oy- /GL /D SFML_STATIC /D WIN32 /D NDEBUG /D _CONSOLE /D _UNICODE /D UNICODE /Gm- /EHsc /MD /GS /Gy /fp:precise /Zc:wchar_t /Zc:forScope /Fo"Release\\" /Fd"Release\vc110.pdb" /Gd /TP /analyze- /errorReport:prompt source\graph\Map.cpp
         Map.cpp
     1>source\graph\Map.cpp(29): warning C4018: '<' : signed/unsigned mismatch
     1>source\graph\Map.cpp(67): warning C4018: '<' : signed/unsigned mismatch
     1>source\graph\Map.cpp(129): warning C4305: 'argument' : truncation from 'double' to 'float'
     1>source\graph\Map.cpp(175): warning C4018: '<' : signed/unsigned mismatch
     1>source\graph\Map.cpp(177): warning C4018: '<' : signed/unsigned mismatch
     1>source\graph\Map.cpp(237): warning C4018: '<' : signed/unsigned mismatch
     1>source\graph\Map.cpp(314): warning C4018: '<' : signed/unsigned mismatch
     1>source\graph\Map.cpp(341): warning C4018: '<' : signed/unsigned mismatch
     1>source\graph\Map.cpp(377): warning C4018: '<' : signed/unsigned mismatch
     1>c:\users\sparkon\documents\git\vectorshooter-temp-\vector-shooter\vector-shooter\source\graph\../utility/Data.h(218): warning C4018: '<' : signed/unsigned mismatch
                 source\graph\Map.cpp(192) : see reference to function template instantiation 'bool isInside<float>(const sf::Vector2<T> &,const std::vector<_Ty> &)' being compiled
                 with
                 [
                     T=float,
                     _Ty=sf::Vector2f
                 ]
     1>source\graph\Map.cpp(47): warning C4018: '<' : signed/unsigned mismatch
                 source\graph\Map.cpp(256) : see reference to function template instantiation 'bool NodeExists<float>(const sf::Vector2<T> &,const std::vector<_Ty> &,int &)' being compiled
                 with
                 [
                     T=float,
                     _Ty=MapNode
                 ]
       Link:
         C:\Program Files (x86)\Microsoft Visual Studio 11.0\VC\bin\link.exe /ERRORREPORT:PROMPT /OUT:"C:\Users\sparkon\Documents\git\VectorShooter-temp-\vector-shooter\Release\vector-shooter.exe" /INCREMENTAL:NO /NOLOGO /LIBPATH:C:\SFML2012\SFML2\lib "sfml-audio-s.lib" "sfml-graphics-s.lib" "sfml-window-s.lib" "sfml-system-s.lib" kernel32.lib user32.lib gdi32.lib winspool.lib comdlg32.lib advapi32.lib shell32.lib ole32.lib oleaut32.lib uuid.lib odbc32.lib odbccp32.lib kernel32.lib user32.lib gdi32.lib winspool.lib comdlg32.lib advapi32.lib shell32.lib ole32.lib oleaut32.lib uuid.lib odbc32.lib odbccp32.lib /MANIFEST /MANIFESTUAC:"level='asInvoker' uiAccess='false'" /manifest:embed /DEBUG /PDB:"C:\Users\sparkon\Documents\git\VectorShooter-temp-\vector-shooter\Release\vector-shooter.pdb" /SUBSYSTEM:CONSOLE /OPT:REF /OPT:ICF /LTCG /TLBID:1 /DYNAMICBASE /NXCOMPAT /IMPLIB:"C:\Users\sparkon\Documents\git\VectorShooter-temp-\vector-shooter\Release\vector-shooter.lib" /MACHINE:X86 /SAFESEH Release\Player.obj
         Release\Collision.obj
         Release\Game.obj
         Release\GameState.obj
         Release\GraphSearch.obj
         Release\Map.obj
         Release\main.obj
         Release\Menu.obj
         Release\Bullet.obj
         Release\Weapon.obj
         Release\WeaponSystem.obj
         Generating code
         Finished generating code
         vector-shooter.vcxproj -> C:\Users\sparkon\Documents\git\VectorShooter-temp-\vector-shooter\Release\vector-shooter.exe
     1>Done Building Project "C:\Users\sparkon\Documents\git\VectorShooter-temp-\vector-shooter\vector-shooter\vector-shooter.vcxproj" (Build target(s)).

Build succeeded.

Time Elapsed 00:00:01.79
