Build started 04/11/2012 22:05:48.
     1>Project "C:\Users\sparkon\Documents\git\VectorShooter-temp-\vector-shooter2\vector-shooter\vector-shooter.vcxproj" on node 2 (Build target(s)).
     1>C:\Program Files (x86)\MSBuild\Microsoft.Cpp\v4.0\V110\Microsoft.CppBuild.targets(346,5): warning MSB8004: Output Directory does not end with a trailing slash.  This build instance will add the slash as it is required to allow proper evaluation of the Output Directory.
     1>ClCompile:
         C:\Program Files (x86)\Microsoft Visual Studio 11.0\VC\bin\CL.exe /c /I"C:\Program Files (x86)\Microsoft DirectX SDK (June 2010)\Include" /IC:\SFML2012\SFML2\include /Zi /nologo /W3 /WX- /O2 /Oi /Oy- /GL /D SFML_STATIC /D WIN32 /D NDEBUG /D _CONSOLE /D _UNICODE /D UNICODE /Gm- /EHsc /MD /GS /Gy /fp:precise /Zc:wchar_t /Zc:forScope /Fo"Release\\" /Fd"Release\vc110.pdb" /Gd /TP /analyze- /errorReport:prompt Entity\Player.cpp
         Player.cpp
     1>c:\users\sparkon\documents\git\vectorshooter-temp-\vector-shooter2\vector-shooter\game\../Weapon/Bullet.h(28): warning C4244: 'argument' : conversion from 'unsigned int' to 'float', possible loss of data
     1>c:\users\sparkon\documents\git\vectorshooter-temp-\vector-shooter2\vector-shooter\game\../Weapon/Bullet.h(50): warning C4244: 'argument' : conversion from 'double' to 'float', possible loss of data
     1>Entity\Player.cpp(64): warning C4244: '=' : conversion from 'double' to 'float', possible loss of data
     1>Entity\Player.cpp(65): warning C4244: '=' : conversion from 'double' to 'float', possible loss of data
     1>Entity\Player.cpp(79): warning C4244: 'argument' : conversion from 'unsigned int' to 'float', possible loss of data
     1>Entity\Player.cpp(83): warning C4244: 'argument' : conversion from 'unsigned int' to 'float', possible loss of data
     1>Entity\Player.cpp(87): warning C4244: '=' : conversion from 'unsigned int' to 'float', possible loss of data
     1>Entity\Player.cpp(88): warning C4244: '=' : conversion from 'unsigned int' to 'float', possible loss of data
     1>Entity\Player.cpp(95): warning C4305: '=' : truncation from 'double' to 'float'
     1>Entity\Player.cpp(126): warning C4244: 'initializing' : conversion from 'double' to 'float', possible loss of data
     1>Entity\Player.cpp(130): warning C4244: '=' : conversion from 'double' to 'float', possible loss of data
     1>Entity\Player.cpp(134): warning C4244: 'initializing' : conversion from 'double' to 'float', possible loss of data
     1>Entity\Player.cpp(223): warning C4244: '=' : conversion from 'double' to 'float', possible loss of data
     1>Entity\Player.cpp(296): warning C4018: '<' : signed/unsigned mismatch
     1>Entity\Player.cpp(323): warning C4244: 'initializing' : conversion from 'double' to 'float', possible loss of data
       Link:
         C:\Program Files (x86)\Microsoft Visual Studio 11.0\VC\bin\link.exe /ERRORREPORT:PROMPT /OUT:".\obj\vector-shooter.exe" /INCREMENTAL:NO /NOLOGO /LIBPATH:"C:\Program Files (x86)\Microsoft DirectX SDK (June 2010)\Lib" /LIBPATH:C:\boost_1_51_0\bin.v2\libs /LIBPATH:C:\SFML2012\SFML2\lib XInput9_1_0.lib "sfml-audio-s.lib" "sfml-graphics-s.lib" "sfml-window-s.lib" "sfml-system-s.lib" kernel32.lib user32.lib gdi32.lib winspool.lib comdlg32.lib advapi32.lib shell32.lib ole32.lib oleaut32.lib uuid.lib odbc32.lib odbccp32.lib kernel32.lib user32.lib gdi32.lib winspool.lib comdlg32.lib advapi32.lib shell32.lib ole32.lib oleaut32.lib uuid.lib odbc32.lib odbccp32.lib /MANIFEST /MANIFESTUAC:"level='asInvoker' uiAccess='false'" /manifest:embed /DEBUG /PDB:".\obj\vector-shooter.pdb" /SUBSYSTEM:CONSOLE /OPT:REF /OPT:ICF /LTCG /TLBID:1 /DYNAMICBASE /NXCOMPAT /IMPLIB:".\obj\vector-shooter.lib" /MACHINE:X86 /SAFESEH Release\ControllerXbox.obj
         Release\Player.obj
         Release\Collision.obj
         Release\Game.obj
         Release\GameMainMenuState.obj
         Release\GameRunState.obj
         Release\Map.obj
         Release\main.obj
         Release\MainMenu.obj
         Release\UI.obj
         Release\Weapon.obj
         Release\WeaponSystem.obj
         Generating code
         Finished generating code
         vector-shooter.vcxproj -> C:\Users\sparkon\Documents\git\VectorShooter-temp-\vector-shooter2\vector-shooter\.\obj\vector-shooter.exe
     1>Done Building Project "C:\Users\sparkon\Documents\git\VectorShooter-temp-\vector-shooter2\vector-shooter\vector-shooter.vcxproj" (Build target(s)).

Build succeeded.

Time Elapsed 00:00:05.96
